<?xml version="1.0" encoding="UTF-8"?>
<!-- Generated by org.testng.reporters.JUnitXMLReporter -->
<testsuite hostname="DESKTOP-TB2GLL5" ignored="0" name="Default test" tests="3" failures="0" timestamp="26 Jun 2019 10:21:51 GMT" time="4.504" errors="0">
  <testcase name="createTweet" time="3.131" classname="com.api.rnd.SampleTest"/>
  <testcase name="deleteTweet" time="0.656" classname="com.api.rnd.SampleTest"/>
  <testcase name="getLastTweet" time="0.669" classname="com.api.rnd.SampleTest"/>
</testsuite> <!-- Default test -->
