<?xml version="1.0" encoding="UTF-8"?>
<!-- Generated by org.testng.reporters.JUnitXMLReporter -->
<testsuite hostname="DESKTOP-TB2GLL5" name="AutomationTest" tests="4" failures="0" timestamp="25 Jun 2019 09:55:19 GMT" time="0.036" errors="0">
  <testcase name="test1" time="0.01" classname="com.api.rnd.AppTest"/>
  <testcase name="test2" time="0.001" classname="com.api.rnd.AppTest"/>
  <testcase name="test3" time="0.002" classname="com.api.rnd.AppTest"/>
  <testcase name="test4" time="0.0" classname="com.api.rnd.AppTest"/>
</testsuite> <!-- AutomationTest -->
