<?xml version="1.0" encoding="UTF-8"?>
<testng-results skipped="0" failed="0" total="4" passed="4">
  <reporter-output>
  </reporter-output>
  <suite name="Suite" duration-ms="36" started-at="2019-06-25T09:55:19Z" finished-at="2019-06-25T09:55:19Z">
    <groups>
    </groups>
    <test name="AutomationTest" duration-ms="36" started-at="2019-06-25T09:55:19Z" finished-at="2019-06-25T09:55:19Z">
      <class name="com.api.rnd.AppTest">
        <test-method status="PASS" signature="test1()[pri:0, instance:com.api.rnd.AppTest@6fadae5d]" name="test1" duration-ms="10" started-at="2019-06-25T15:25:19Z" finished-at="2019-06-25T15:25:19Z">
          <reporter-output>
          </reporter-output>
        </test-method> <!-- test1 -->
        <test-method status="PASS" signature="test2()[pri:0, instance:com.api.rnd.AppTest@6fadae5d]" name="test2" duration-ms="1" started-at="2019-06-25T15:25:19Z" finished-at="2019-06-25T15:25:19Z">
          <reporter-output>
          </reporter-output>
        </test-method> <!-- test2 -->
        <test-method status="PASS" signature="test3()[pri:0, instance:com.api.rnd.AppTest@6fadae5d]" name="test3" duration-ms="2" started-at="2019-06-25T15:25:19Z" finished-at="2019-06-25T15:25:19Z">
          <reporter-output>
          </reporter-output>
        </test-method> <!-- test3 -->
        <test-method status="PASS" signature="test4()[pri:0, instance:com.api.rnd.AppTest@6fadae5d]" name="test4" duration-ms="0" started-at="2019-06-25T15:25:19Z" finished-at="2019-06-25T15:25:19Z">
          <reporter-output>
          </reporter-output>
        </test-method> <!-- test4 -->
      </class> <!-- com.api.rnd.AppTest -->
    </test> <!-- AutomationTest -->
  </suite> <!-- Suite -->
</testng-results>
